# JRE version: OpenJDK Runtime Environment (8.0_202-b03) (build 1.8.0_202-release-1483-b03)
# Java VM: OpenJDK 64-Bit Server VM (25.202-b03 mixed mode windows-amd64 compressed oops)
Heap:
 PSYoungGen      total 132096K, used 110153K [0x00000000d6e00000, 0x00000000e0d80000, 0x0000000100000000)
  eden space 126976K, 86% used [0x00000000d6e00000,0x00000000dd992648,0x00000000dea00000)
  from space 5120K, 0% used [0x00000000dea00000,0x00000000dea00000,0x00000000def00000)
  to   space 15872K, 0% used [0x00000000dfe00000,0x00000000dfe00000,0x00000000e0d80000)
 ParOldGen       total 113664K, used 20258K [0x0000000084a00000, 0x000000008b900000, 0x00000000d6e00000)
  object space 113664K, 17% used [0x0000000084a00000,0x0000000085dc8b88,0x000000008b900000)
 Metaspace       used 43726K, capacity 44492K, committed 44928K, reserved 1089536K
  class space    used 5428K, capacity 5660K, committed 5760K, reserved 1048576K
GC Heap History (10 events):
Event: 2.315 GC heap before
{Heap before GC invocations=3 (full 0):
 PSYoungGen      total 68608K, used 24558K [0x00000000d6e00000, 0x00000000db600000, 0x0000000100000000)
  eden space 63488K, 30% used [0x00000000d6e00000,0x00000000d80ff868,0x00000000dac00000)
  from space 5120K, 99% used [0x00000000db100000,0x00000000db5fc2a8,0x00000000db600000)
  to   space 5120K, 0% used [0x00000000dac00000,0x00000000dac00000,0x00000000db100000)
 ParOldGen       total 84992K, used 7118K [0x0000000084a00000, 0x0000000089d00000, 0x00000000d6e00000)
  object space 84992K, 8% used [0x0000000084a00000,0x00000000850f3bb0,0x0000000089d00000)
 Metaspace       used 20781K, capacity 21168K, committed 21296K, reserved 1067008K
  class space    used 2717K, capacity 2872K, committed 2944K, reserved 1048576K
Event: 2.327 GC heap after
Heap after GC invocations=3 (full 0):
 PSYoungGen      total 68608K, used 5107K [0x00000000d6e00000, 0x00000000df400000, 0x0000000100000000)
  eden space 63488K, 0% used [0x00000000d6e00000,0x00000000d6e00000,0x00000000dac00000)
  from space 5120K, 99% used [0x00000000dac00000,0x00000000db0fcc60,0x00000000db100000)
  to   space 5120K, 0% used [0x00000000def00000,0x00000000def00000,0x00000000df400000)
 ParOldGen       total 84992K, used 11320K [0x0000000084a00000, 0x0000000089d00000, 0x00000000d6e00000)
  object space 84992K, 13% used [0x0000000084a00000,0x000000008550e0c0,0x0000000089d00000)
 Metaspace       used 20781K, capacity 21168K, committed 21296K, reserved 1067008K
  class space    used 2717K, capacity 2872K, committed 2944K, reserved 1048576K
}
Event: 2.327 GC heap before
{Heap before GC invocations=4 (full 1):
 PSYoungGen      total 68608K, used 5107K [0x00000000d6e00000, 0x00000000df400000, 0x0000000100000000)
  eden space 63488K, 0% used [0x00000000d6e00000,0x00000000d6e00000,0x00000000dac00000)
  from space 5120K, 99% used [0x00000000dac00000,0x00000000db0fcc60,0x00000000db100000)
  to   space 5120K, 0% used [0x00000000def00000,0x00000000def00000,0x00000000df400000)
 ParOldGen       total 84992K, used 11320K [0x0000000084a00000, 0x0000000089d00000, 0x00000000d6e00000)
  object space 84992K, 13% used [0x0000000084a00000,0x000000008550e0c0,0x0000000089d00000)
 Metaspace       used 20781K, capacity 21168K, committed 21296K, reserved 1067008K
  class space    used 2717K, capacity 2872K, committed 2944K, reserved 1048576K
Event: 2.376 GC heap after
Heap after GC invocations=4 (full 1):
 PSYoungGen      total 68608K, used 0K [0x00000000d6e00000, 0x00000000df400000, 0x0000000100000000)
  eden space 63488K, 0% used [0x00000000d6e00000,0x00000000d6e00000,0x00000000dac00000)
  from space 5120K, 0% used [0x00000000dac00000,0x00000000dac00000,0x00000000db100000)
  to   space 5120K, 0% used [0x00000000def00000,0x00000000def00000,0x00000000df400000)
 ParOldGen       total 64000K, used 9122K [0x0000000084a00000, 0x0000000088880000, 0x00000000d6e00000)
  object space 64000K, 14% used [0x0000000084a00000,0x00000000852e8bf0,0x0000000088880000)
 Metaspace       used 20781K, capacity 21168K, committed 21296K, reserved 1067008K
  class space    used 2717K, capacity 2872K, committed 2944K, reserved 1048576K
}
Event: 3.778 GC heap before
{Heap before GC invocations=5 (full 1):
 PSYoungGen      total 68608K, used 63488K [0x00000000d6e00000, 0x00000000df400000, 0x0000000100000000)
  eden space 63488K, 100% used [0x00000000d6e00000,0x00000000dac00000,0x00000000dac00000)
  from space 5120K, 0% used [0x00000000dac00000,0x00000000dac00000,0x00000000db100000)
  to   space 5120K, 0% used [0x00000000def00000,0x00000000def00000,0x00000000df400000)
 ParOldGen       total 64000K, used 9122K [0x0000000084a00000, 0x0000000088880000, 0x00000000d6e00000)
  object space 64000K, 14% used [0x0000000084a00000,0x00000000852e8bf0,0x0000000088880000)
 Metaspace       used 29167K, capacity 29622K, committed 29824K, reserved 1075200K
  class space    used 3715K, capacity 3868K, committed 3968K, reserved 1048576K
Event: 3.794 GC heap after
Heap after GC invocations=5 (full 1):
 PSYoungGen      total 96256K, used 5117K [0x00000000d6e00000, 0x00000000df400000, 0x0000000100000000)
  eden space 91136K, 0% used [0x00000000d6e00000,0x00000000d6e00000,0x00000000dc700000)
  from space 5120K, 99% used [0x00000000def00000,0x00000000df3ff728,0x00000000df400000)
  to   space 5120K, 0% used [0x00000000dea00000,0x00000000dea00000,0x00000000def00000)
 ParOldGen       total 64000K, used 19399K [0x0000000084a00000, 0x0000000088880000, 0x00000000d6e00000)
  object space 64000K, 30% used [0x0000000084a00000,0x0000000085cf1e00,0x0000000088880000)
 Metaspace       used 29167K, capacity 29622K, committed 29824K, reserved 1075200K
  class space    used 3715K, capacity 3868K, committed 3968K, reserved 1048576K
}
Event: 4.644 GC heap before
{Heap before GC invocations=6 (full 1):
 PSYoungGen      total 96256K, used 36127K [0x00000000d6e00000, 0x00000000df400000, 0x0000000100000000)
  eden space 91136K, 34% used [0x00000000d6e00000,0x00000000d8c485d0,0x00000000dc700000)
  from space 5120K, 99% used [0x00000000def00000,0x00000000df3ff728,0x00000000df400000)
  to   space 5120K, 0% used [0x00000000dea00000,0x00000000dea00000,0x00000000def00000)
 ParOldGen       total 64000K, used 19399K [0x0000000084a00000, 0x0000000088880000, 0x00000000d6e00000)
  object space 64000K, 30% used [0x0000000084a00000,0x0000000085cf1e00,0x0000000088880000)
 Metaspace       used 34751K, capacity 35274K, committed 35496K, reserved 1081344K
  class space    used 4430K, capacity 4589K, committed 4608K, reserved 1048576K
Event: 4.659 GC heap after
Heap after GC invocations=6 (full 1):
 PSYoungGen      total 132096K, used 5095K [0x00000000d6e00000, 0x00000000e0d80000, 0x0000000100000000)
  eden space 126976K, 0% used [0x00000000d6e00000,0x00000000d6e00000,0x00000000dea00000)
  from space 5120K, 99% used [0x00000000dea00000,0x00000000deef9fd8,0x00000000def00000)
  to   space 15872K, 0% used [0x00000000dfe00000,0x00000000dfe00000,0x00000000e0d80000)
 ParOldGen       total 64000K, used 27016K [0x0000000084a00000, 0x0000000088880000, 0x00000000d6e00000)
  object space 64000K, 42% used [0x0000000084a00000,0x00000000864621d0,0x0000000088880000)
 Metaspace       used 34751K, capacity 35274K, committed 35496K, reserved 1081344K
  class space    used 4430K, capacity 4589K, committed 4608K, reserved 1048576K
}
Event: 4.659 GC heap before
{Heap before GC invocations=7 (full 2):
 PSYoungGen      total 132096K, used 5095K [0x00000000d6e00000, 0x00000000e0d80000, 0x0000000100000000)
  eden space 126976K, 0% used [0x00000000d6e00000,0x00000000d6e00000,0x00000000dea00000)
  from space 5120K, 99% used [0x00000000dea00000,0x00000000deef9fd8,0x00000000def00000)
  to   space 15872K, 0% used [0x00000000dfe00000,0x00000000dfe00000,0x00000000e0d80000)
 ParOldGen       total 64000K, used 27016K [0x0000000084a00000, 0x0000000088880000, 0x00000000d6e00000)
  object space 64000K, 42% used [0x0000000084a00000,0x00000000864621d0,0x0000000088880000)
 Metaspace       used 34751K, capacity 35274K, committed 35496K, reserved 1081344K
  class space    used 4430K, capacity 4589K, committed 4608K, reserved 1048576K
Event: 4.766 GC heap after
Heap after GC invocations=7 (full 2):
 PSYoungGen      total 132096K, used 0K [0x00000000d6e00000, 0x00000000e0d80000, 0x0000000100000000)
  eden space 126976K, 0% used [0x00000000d6e00000,0x00000000d6e00000,0x00000000dea00000)
  from space 5120K, 0% used [0x00000000dea00000,0x00000000dea00000,0x00000000def00000)
  to   space 15872K, 0% used [0x00000000dfe00000,0x00000000dfe00000,0x00000000e0d80000)
 ParOldGen       total 113664K, used 20258K [0x0000000084a00000, 0x000000008b900000, 0x00000000d6e00000)
  object space 113664K, 17% used [0x0000000084a00000,0x0000000085dc8b88,0x000000008b900000)
 Metaspace       used 34751K, capacity 35274K, committed 35496K, reserved 1081344K
  class space    used 4430K, capacity 4589K, committed 4608K, reserved 1048576K
}

